TN:
SF:/usr/include/stdlib.h
DA:361,12660
DA:363,12660
end_of_record
SF:/home/felix/Documents/Cours/1A/ProjetProgrammation2021/src/baseParser.c
FN:13,initStructure
FNDA:159645,initStructure
FN:24,extractAuthor
FNDA:12722,extractAuthor
FN:43,extractYear
FNDA:12660,extractYear
FN:54,extractTitle
FNDA:12663,extractTitle
FN:68,parseBase
FNDA:2,parseBase
DA:13,172309
DA:14,172309
DA:15,172309
DA:16,172309
DA:17,172309
DA:18,599164
DA:19,426855
DA:20,426855
DA:22,159645
DA:24,12722
DA:25,12722
DA:26,12722
DA:27,12722
DA:28,224
DA:29,216
DA:31,8
DA:32,8
DA:34,215718
DA:35,202996
DA:36,202996
DA:38,12722
DA:39,12722
DA:40,12722
DA:41,12722
DA:43,12660
DA:44,12660
DA:45,12660
DA:46,63300
DA:47,50640
DA:48,50640
DA:50,12660
DA:51,12660
DA:52,12660
DA:54,12663
DA:55,12663
DA:56,2384660
DA:57,1198660
DA:58,12663
DA:59,12663
DA:61,1186000
DA:62,1186000
DA:64,12663
DA:65,12663
DA:66,12663
DA:68,2
DA:69,2
DA:70,2
DA:71,2
DA:72,2
DA:73,1
DA:74,1
DA:76,1
DA:77,1
DA:78,99996
DA:79,99995
DA:80,12722
DA:81,87273
DA:82,12663
DA:83,74610
DA:84,12660
DA:85,61950
DA:86,12663
DA:87,12660
DA:88,12660
DA:90,12660
DA:92,12660
DA:93,12660
DA:95,25382
DA:96,12722
DA:97,12722
DA:101,12663
DA:104,112659
DA:107,1
DA:108,1
end_of_record
SF:/usr/include/x86_64-linux-gnu/bits/stdio2.h
DA:98,2
DA:100,2
DA:105,2
DA:107,2
DA:255,99996
DA:257,99996
DA:259,99996
DA:262,99996
DA:263,0
DA:265,99996
end_of_record
TN:
SF:/home/felix/Documents/Cours/1A/ProjetProgrammation2021/src/searchingFunctions.c
FN:17,showAuthors
FNDA:1,showAuthors
FN:59,chooseAuthor
FNDA:1,chooseAuthor
FN:95,showArticles
FNDA:1,showArticles
DA:17,1
DA:18,1
DA:19,1
DA:20,1
DA:21,1
DA:24,1
DA:25,1
DA:26,1
DA:27,1
DA:29,1
DA:30,1
DA:31,1
DA:33,1
DA:34,1
DA:35,1
DA:36,1
DA:37,1
DA:39,0
DA:40,0
DA:41,0
DA:43,0
DA:44,0
DA:47,1
DA:48,0
DA:52,1
DA:53,1
DA:55,1
DA:56,1
DA:59,1
DA:60,1
DA:61,1
DA:62,1
DA:63,1
DA:64,1
DA:65,1
DA:66,1
DA:68,1
DA:69,0
DA:72,0
DA:73,0
DA:74,0
DA:77,0
DA:78,0
DA:80,0
DA:81,0
DA:82,0
DA:86,0
DA:87,0
DA:88,0
DA:89,0
DA:95,1
DA:96,1
DA:97,1
DA:98,1
DA:100,1
DA:103,1
DA:104,1
DA:105,1
DA:106,1
DA:107,1
DA:108,0
DA:110,1
DA:111,25321
DA:112,12661
DA:113,12661
DA:114,12661
DA:115,12661
DA:117,25381
DA:118,12722
DA:119,1
DA:120,1
DA:121,1
DA:122,1
DA:125,12660
DA:127,1
DA:128,0
DA:129,0
DA:131,1
DA:132,0
DA:133,0
DA:135,1
DA:136,1
end_of_record
SF:/usr/include/x86_64-linux-gnu/bits/stdio2.h
DA:98,0
DA:100,0
DA:105,7
DA:107,7
DA:255,0
DA:257,0
DA:259,0
DA:262,0
DA:263,0
DA:265,0
end_of_record
TN:
SF:/usr/include/x86_64-linux-gnu/bits/stdio2.h
DA:98,2
DA:100,2
DA:105,510
DA:107,510
DA:255,8
DA:257,8
DA:259,8
DA:262,8
DA:265,8
DA:284,3
DA:287,3
DA:289,3
DA:294,3
DA:297,3
end_of_record
SF:/home/felix/Documents/Cours/1A/ProjetProgrammation2021/src/io-utils.c
FN:14,handleSignal
FNDA:0,handleSignal
FN:25,initSigaction
FNDA:11,initSigaction
FN:36,initOptions
FNDA:12,initOptions
FN:50,isXML
FNDA:3,isXML
FN:63,isBinOrEmpty
FNDA:8,isBinOrEmpty
FN:76,openFiles
FNDA:13,openFiles
FN:104,closeFiles
FNDA:9,closeFiles
FN:112,endOfProgram
FNDA:6,endOfProgram
FN:122,errorToString
FNDA:8,errorToString
FN:162,progressBar
FNDA:5,progressBar
DA:14,0
DA:16,0
DA:18,0
DA:19,0
DA:20,0
DA:21,0
DA:24,0
DA:25,11
DA:26,11
DA:27,11
DA:28,11
DA:29,11
DA:30,11
DA:31,0
DA:34,11
DA:36,12
DA:37,12
DA:38,12
DA:39,12
DA:40,12
DA:41,12
DA:42,156
DA:43,144
DA:44,36
DA:45,24
DA:46,12
DA:47,12
DA:48,12
DA:50,3
DA:51,3
DA:52,3
DA:53,3
DA:54,3
DA:56,3
DA:59,2
DA:60,2
DA:63,8
DA:64,8
DA:65,8
DA:66,8
DA:70,8
DA:71,1
DA:76,13
DA:77,13
DA:78,13
DA:79,4
DA:80,4
DA:81,1
DA:83,1
DA:85,3
DA:88,2
DA:90,11
DA:91,11
DA:92,1
DA:93,1
DA:96,1
DA:98,10
DA:99,1
DA:104,9
DA:105,9
DA:106,2
DA:107,9
DA:108,9
DA:109,9
DA:112,6
DA:113,6
DA:114,5
DA:115,6
DA:116,6
DA:117,6
DA:118,6
DA:119,0
DA:120,6
DA:122,8
DA:123,8
DA:126,1
DA:127,1
DA:129,1
DA:130,1
DA:131,1
DA:132,1
DA:133,1
DA:134,1
DA:135,1
DA:136,1
DA:137,0
DA:138,0
DA:139,1
DA:140,1
DA:141,0
DA:142,0
DA:143,0
DA:144,0
DA:145,0
DA:146,0
DA:147,1
DA:148,1
DA:149,1
DA:150,1
DA:151,0
DA:152,0
DA:153,0
DA:154,0
DA:155,0
DA:156,0
DA:157,0
DA:158,0
DA:162,5
DA:163,5
DA:164,505
DA:165,500
DA:167,5
DA:168,0
DA:170,5
DA:171,5
end_of_record
TN:
SF:/home/felix/Documents/Cours/1A/ProjetProgrammation2021/src/readFunctions.c
FN:14,readStructure
FNDA:146978,readStructure
FN:38,readEntireBin
FNDA:7,readEntireBin
FN:60,printStruct
FNDA:12660,printStruct
DA:14,146978
DA:16,146978
DA:17,146978
DA:18,293956
DA:19,146978
DA:20,146978
DA:22,146978
DA:24,293956
DA:25,293956
DA:26,146978
DA:27,376081
DA:28,458206
DA:29,458206
DA:32,146978
DA:38,7
DA:39,7
DA:40,7
DA:41,7
DA:42,7
DA:43,79819
DA:44,159631
DA:45,79819
DA:46,79819
DA:48,79812
DA:49,79812
DA:50,12660
DA:51,79812
DA:53,7
DA:54,6
DA:55,6
DA:60,12660
DA:61,12660
DA:62,12660
DA:63,25382
DA:64,12722
DA:66,12660
DA:67,12660
end_of_record
SF:/usr/include/x86_64-linux-gnu/bits/stdio2.h
DA:105,38042
DA:107,38042
DA:284,817015
DA:287,817015
DA:289,0
DA:291,0
DA:292,0
DA:294,0
DA:295,0
DA:297,817015
end_of_record
TN:
SF:/usr/include/x86_64-linux-gnu/bits/stdio2.h
DA:98,1
DA:100,1
DA:105,12978
DA:107,12972
end_of_record
SF:/home/felix/Documents/Cours/1A/ProjetProgrammation2021/src/fonctionsMatrice.c
FN:15,CreateListAdj
FNDA:68,CreateListAdj
FN:83,appendNode
FNDA:74496,appendNode
FN:142,freeEdge
FNDA:35951,freeEdge
FN:154,freeListAdj
FNDA:7,freeListAdj
FN:176,printListAdj
FNDA:1,printListAdj
FN:180,printListNode
FNDA:1,printListNode
FN:196,sousprintListEdge
FNDA:121,sousprintListEdge
FN:208,printListEdge
FNDA:1,printListEdge
FN:255,popListeEdge
FNDA:0,popListeEdge
FN:262,enleveEdgeListe
FNDA:50,enleveEdgeListe
FN:279,appendListeEdge
FNDA:171,appendListeEdge
FN:296,dijkstra
FNDA:2,dijkstra
FN:403,printDistances
FNDA:1,printDistances
FN:415,plusCourtChemin
FNDA:1,plusCourtChemin
FN:454,explorationGraphe
FNDA:12616,explorationGraphe
FN:487,nbrComposanteConnexe
FNDA:1,nbrComposanteConnexe
FN:505,verifyAuthorHash
FNDA:4,verifyAuthorHash
DA:15,68
DA:16,68
DA:17,67
DA:18,1
DA:19,1
DA:22,193
DA:23,126
DA:24,126
DA:26,67
DA:27,67
DA:28,67
DA:29,67
DA:30,67
DA:31,67
DA:33,67
DA:83,74496
DA:84,74496
DA:85,74496
DA:86,0
DA:88,74496
DA:89,74496
DA:90,74496
DA:91,74496
DA:92,74496
DA:93,74496
DA:94,74496
DA:95,74496
DA:96,1214400
DA:97,1139900
DA:98,1139900
DA:100,74496
DA:101,74496
DA:142,35951
DA:143,35951
DA:144,35951
DA:145,213742
DA:147,177791
DA:148,177791
DA:149,177791
DA:152,35951
DA:153,35951
DA:154,7
DA:155,7
DA:156,5
DA:160,74503
DA:162,74496
DA:163,35949
DA:165,74496
DA:166,74496
DA:167,74496
DA:169,7
DA:170,2
DA:173,7
DA:174,7
DA:176,1
DA:177,1
DA:178,1
DA:179,1
DA:180,1
DA:181,1
DA:182,0
DA:184,1
DA:185,1
DA:186,1
DA:187,12677
DA:188,12676
DA:191,12676
DA:192,12676
DA:194,1
DA:195,1
DA:196,121
DA:197,121
DA:198,247
DA:199,121
DA:200,126
DA:201,10
DA:202,5
DA:203,5
DA:205,242
DA:206,121
DA:207,121
DA:208,1
DA:209,1
DA:210,1
DA:211,1
DA:212,1
DA:213,12677
DA:214,12676
DA:217,12676
DA:218,12676
DA:219,121
DA:221,12676
DA:223,1
DA:224,0
DA:226,1
DA:227,1
DA:255,121
DA:256,121
DA:257,121
DA:258,121
DA:259,121
DA:260,121
DA:262,50
DA:263,50
DA:264,50
DA:265,50
DA:266,50
DA:267,50
DA:271,0
DA:272,0
DA:273,0
DA:275,0
DA:276,0
DA:277,0
DA:279,171
DA:280,171
DA:281,171
DA:282,0
DA:283,0
DA:285,171
DA:286,171
DA:288,171
DA:289,122
DA:290,122
DA:292,49
DA:293,49
DA:296,2
DA:297,2
DA:301,2
DA:302,2
DA:303,0
DA:306,2
DA:307,2
DA:308,2
DA:309,2
DA:310,2
DA:314,2
DA:315,2
DA:317,2
DA:318,2
DA:319,2
DA:321,50
DA:324,50
DA:325,50
DA:328,502
DA:329,276
DA:330,276
DA:331,228
DA:332,0
DA:334,48
DA:337,48
DA:338,48
DA:339,48
DA:342,276
DA:345,226
DA:346,226
DA:349,50
DA:352,50
DA:353,50
DA:357,50
DA:358,2
DA:361,48
DA:368,48
DA:369,48
DA:370,48
DA:372,90
DA:375,90
DA:380,48
DA:381,0
DA:382,0
DA:384,48
DA:389,48
DA:391,48
DA:393,2
DA:394,2
DA:397,2
DA:398,2
DA:400,2
DA:403,1
DA:404,1
DA:405,1
DA:406,18236
DA:407,18235
DA:408,18260
DA:409,25
DA:411,18235
DA:413,1
DA:415,1
DA:416,1
DA:417,1
DA:419,1
DA:421,2
DA:422,1
DA:423,1
DA:424,1
DA:425,1
DA:426,0
DA:428,0
DA:431,1
DA:432,1
DA:433,4
DA:434,3
DA:435,3
DA:436,3
DA:437,33
DA:438,30
DA:439,30
DA:440,2
DA:442,30
DA:444,3
DA:445,3
DA:447,1
DA:448,1
DA:449,1
DA:451,1
DA:454,12616
DA:455,12616
DA:457,12616
DA:458,12616
DA:461,60
DA:462,60
DA:464,60
DA:465,60
DA:466,181
DA:467,121
DA:468,121
DA:469,121
DA:470,121
DA:472,131
DA:473,126
DA:474,61
DA:475,61
DA:477,126
DA:480,5
DA:481,5
DA:484,60
DA:485,60
DA:487,1
DA:488,1
DA:489,1
DA:490,1
DA:491,12678
DA:492,12677
DA:495,12677
DA:496,12616
DA:497,12616
DA:499,12677
DA:501,1
DA:503,1
DA:505,4
DA:506,4
DA:507,4
DA:508,8
DA:511,4
DA:512,4
DA:513,4
DA:514,4
end_of_record
TN:
SF:/home/felix/Documents/Cours/1A/ProjetProgrammation2021/tests/tests.c
FN:74,testArgMissing
FNDA:1,testArgMissing
FN:81,testParseArgs
FNDA:1,testParseArgs
FN:115,testErrorFiles
FNDA:1,testErrorFiles
FN:136,testParseBase
FNDA:1,testParseBase
FN:149,testMallocError1
FNDA:1,testMallocError1
FN:169,testMallocError2
FNDA:1,testMallocError2
FN:195,testRead
FNDA:1,testRead
FN:205,testGraph
FNDA:1,testGraph
FN:223,testArticles
FNDA:1,testArticles
FN:242,testShortestPath
FNDA:1,testShortestPath
FN:266,testDistances
FNDA:1,testDistances
FN:293,testConnected
FNDA:1,testConnected
FN:314,main
FNDA:1,main
DA:74,1
DA:75,1
DA:76,1
DA:77,1
DA:78,1
DA:81,1
DA:82,1
DA:83,1
DA:84,1
DA:85,1
DA:108,1
DA:109,1
DA:110,1
DA:111,1
DA:112,1
DA:115,1
DA:116,1
DA:117,1
DA:118,1
DA:119,1
DA:120,1
DA:121,1
DA:122,1
DA:123,1
DA:124,1
DA:125,1
DA:127,1
DA:128,1
DA:129,1
DA:130,1
DA:131,1
DA:132,1
DA:133,1
DA:136,1
DA:137,1
DA:138,1
DA:139,1
DA:140,1
DA:141,1
DA:142,1
DA:143,1
DA:144,1
DA:145,1
DA:146,1
DA:149,1
DA:150,1
DA:151,1
DA:152,1
DA:153,1
DA:154,1
DA:155,1
DA:156,1
DA:157,1
DA:158,1
DA:159,1
DA:160,1
DA:161,1
DA:162,1
DA:163,1
DA:164,1
DA:165,1
DA:166,1
DA:169,1
DA:170,1
DA:171,1
DA:172,100000000
DA:173,100000000
DA:174,1
DA:175,1
DA:176,1
DA:177,1
DA:178,1
DA:179,1
DA:180,1
DA:181,1
DA:182,1
DA:183,1
DA:185,1
DA:186,1
DA:187,1
DA:188,1
DA:190,1
DA:191,1
DA:192,1
DA:195,1
DA:196,1
DA:197,1
DA:198,1
DA:199,1
DA:200,1
DA:201,1
DA:202,1
DA:205,1
DA:206,1
DA:207,1
DA:208,1
DA:209,1
DA:210,100000000
DA:211,100000000
DA:212,1
DA:213,1
DA:214,1
DA:215,1
DA:216,1
DA:217,1
DA:218,1
DA:219,1
DA:220,1
DA:223,1
DA:224,1
DA:225,1
DA:226,1
DA:227,1
DA:228,100000000
DA:229,100000000
DA:230,1
DA:231,1
DA:232,1
DA:233,1
DA:234,1
DA:235,1
DA:236,1
DA:237,1
DA:238,1
DA:239,1
DA:242,1
DA:243,1
DA:244,1
DA:245,1
DA:246,1
DA:247,100000000
DA:248,100000000
DA:249,1
DA:250,1
DA:251,1
DA:252,1
DA:253,1
DA:254,1
DA:255,1
DA:256,1
DA:257,1
DA:258,1
DA:259,1
DA:260,1
DA:261,1
DA:262,1
DA:263,1
DA:266,1
DA:267,1
DA:268,1
DA:269,1
DA:270,1
DA:271,100000000
DA:272,100000000
DA:273,1
DA:274,1
DA:275,1
DA:276,1
DA:277,1
DA:278,1
DA:279,1
DA:280,1
DA:281,1
DA:282,1
DA:283,1
DA:284,1
DA:285,1
DA:286,1
DA:287,1
DA:288,1
DA:289,1
DA:290,1
DA:293,1
DA:294,1
DA:295,1
DA:296,1
DA:297,1
DA:298,100000000
DA:299,100000000
DA:300,1
DA:301,1
DA:302,1
DA:303,1
DA:304,1
DA:305,1
DA:306,1
DA:307,1
DA:308,1
DA:309,1
DA:310,1
DA:311,1
DA:314,1
DA:332,1
DA:333,1
DA:334,1
DA:335,1
DA:336,1
DA:337,1
DA:338,1
DA:339,1
DA:340,1
DA:341,1
DA:342,1
DA:343,1
DA:345,1
end_of_record
SF:/usr/include/x86_64-linux-gnu/bits/stdio2.h
DA:98,8
DA:100,8
DA:105,0
DA:107,0
end_of_record
TN:
SF:/home/felix/Documents/Cours/1A/ProjetProgrammation2021/src/fonctionsMatricesHash.c
FN:13,hash
FNDA:8,hash
FN:23,AuthorInListHash
FNDA:95475,AuthorInListHash
FN:34,GoToNodeHash
FNDA:0,GoToNodeHash
FN:38,sousAppendEdge
FNDA:213742,sousAppendEdge
FN:53,appendEdgeHash
FNDA:106871,appendEdgeHash
FN:61,sousListeAdj
FNDA:54487,sousListeAdj
FN:103,DoListAdjDeBinHash
FNDA:6,DoListAdjDeBinHash
FN:152,printAuthorAtDist
FNDA:2,printAuthorAtDist
DA:13,190958
DA:14,190958
DA:15,190958
DA:16,3103730
DA:17,2912770
DA:18,190958
DA:20,190958
DA:23,95475
DA:24,95475
DA:25,95475
DA:27,20979
DA:28,20979
DA:31,20967
DA:34,106871
DA:35,106871
DA:38,213742
DA:39,213742
DA:40,213742
DA:41,0
DA:43,213742
DA:44,213742
DA:45,213742
DA:46,35951
DA:47,35951
DA:49,177791
DA:50,177791
DA:52,213742
DA:53,106871
DA:54,106871
DA:55,106871
DA:57,106871
DA:58,106871
DA:59,106871
DA:61,54487
DA:63,54487
DA:64,54487
DA:65,54487
DA:66,54487
DA:67,54487
DA:68,54487
DA:71,149950
DA:72,95463
DA:73,95463
DA:74,95475
DA:75,95475
DA:76,95475
DA:77,95475
DA:78,74496
DA:79,74496
DA:80,74496
DA:81,74496
DA:82,74496
DA:83,20979
DA:84,12
DA:88,95463
DA:89,95463
DA:90,95463
DA:91,95463
DA:95,149950
DA:96,202334
DA:97,106871
DA:100,54487
DA:103,6
DA:104,6
DA:105,6
DA:107,6
DA:109,6
DA:110,6
DA:111,6
DA:112,6
DA:113,6
DA:114,6
DA:116,6
DA:120,6
DA:121,6
DA:123,5
DA:124,5
DA:125,0
DA:127,5
DA:128,5
DA:129,5
DA:130,54492
DA:131,54487
DA:132,0
DA:135,54487
DA:136,54487
DA:138,54487
DA:139,54487
DA:140,54487
DA:141,54487
DA:142,0
DA:145,5
DA:146,5
DA:147,5
DA:149,5
DA:152,2
DA:153,2
DA:156,1
DA:157,1
DA:159,18235
DA:160,18234
DA:161,17
DA:163,18234
DA:164,18234
end_of_record
SF:/usr/include/x86_64-linux-gnu/bits/stdio2.h
DA:98,0
DA:100,0
DA:105,34
DA:107,29
end_of_record
TN:
SF:/usr/include/stdlib.h
DA:361,2
DA:363,2
end_of_record
SF:/usr/include/x86_64-linux-gnu/bits/stdio2.h
DA:98,1
DA:100,1
DA:105,1
DA:107,1
end_of_record
SF:/home/felix/Documents/Cours/1A/ProjetProgrammation2021/src/argsParser.c
FN:10,printUsage
FNDA:1,printUsage
FN:41,parseArgs
FNDA:2,parseArgs
DA:10,1
DA:11,1
DA:39,1
DA:41,2
DA:42,2
DA:43,2
DA:44,2
DA:45,16
DA:46,15
DA:47,0
DA:48,0
DA:49,0
DA:50,1
DA:51,1
DA:52,1
DA:53,1
DA:54,1
DA:55,1
DA:56,1
DA:57,1
DA:58,1
DA:59,2
DA:60,2
DA:61,2
DA:62,1
DA:63,1
DA:64,1
DA:65,1
DA:66,1
DA:67,1
DA:68,1
DA:69,1
DA:70,1
DA:71,1
DA:72,1
DA:73,1
DA:74,1
DA:75,1
DA:76,1
DA:77,1
DA:78,1
DA:79,1
DA:80,1
DA:81,1
DA:82,1
DA:83,1
DA:84,1
DA:85,1
DA:86,1
DA:87,2
DA:88,2
DA:89,0
DA:91,2
DA:92,2
DA:93,2
DA:94,2
DA:95,2
DA:96,1
DA:97,1
DA:98,1
DA:99,1
DA:100,1
DA:101,1
DA:102,1
DA:103,1
DA:104,1
DA:106,0
DA:107,0
DA:108,1
DA:109,1
DA:110,0
DA:112,1
DA:113,0
DA:114,0
DA:116,0
DA:122,1
DA:123,1
DA:125,0
DA:127,0
DA:129,13
DA:130,12
DA:131,10
end_of_record
